09.4697.0040GT: Message: 
Stacktrace:
	GetHandleVerifier [0x00007FF62989CF45+75717]
	GetHandleVerifier [0x00007FF62989CFA0+75808]
	(No symbol) [0x00007FF629668F9A]
	(No symbol) [0x00007FF6296BF4C6]
	(No symbol) [0x00007FF6296BF77C]
	(No symbol) [0x00007FF629712577]
	(No symbol) [0x00007FF6296E73BF]
	(No symbol) [0x00007FF62970F39C]
	(No symbol) [0x00007FF6296E7153]
	(No symbol) [0x00007FF6296B0421]
	(No symbol) [0x00007FF6296B11B3]
	GetHandleVerifier [0x00007FF629B9D71D+3223453]
	GetHandleVerifier [0x00007FF629B97CC2+3200322]
	GetHandleVerifier [0x00007FF629BB5AF3+3322739]
	GetHandleVerifier [0x00007FF6298B6A1A+180890]
	GetHandleVerifier [0x00007FF6298BE11F+211359]
	GetHandleVerifier [0x00007FF6298A5294+109332]
	GetHandleVerifier [0x00007FF6298A5442+109762]
	GetHandleVerifier [0x00007FF62988BA59+4825]
	BaseThreadInitThunk [0x00007FFBF81F7374+20]
	RtlUserThreadStart [0x00007FFBF945CC91+33]

JL1702868GT: Message: 
Stacktrace:
	GetHandleVerifier [0x00007FF62989CF45+75717]
	GetHandleVerifier [0x00007FF62989CFA0+75808]
	(No symbol) [0x00007FF629668F9A]
	(No symbol) [0x00007FF6296BF4C6]
	(No symbol) [0x00007FF6296BF77C]
	(No symbol) [0x00007FF629712577]
	(No symbol) [0x00007FF6296E73BF]
	(No symbol) [0x00007FF62970F39C]
	(No symbol) [0x00007FF6296E7153]
	(No symbol) [0x00007FF6296B0421]
	(No symbol) [0x00007FF6296B11B3]
	GetHandleVerifier [0x00007FF629B9D71D+3223453]
	GetHandleVerifier [0x00007FF629B97CC2+3200322]
	GetHandleVerifier [0x00007FF629BB5AF3+3322739]
	GetHandleVerifier [0x00007FF6298B6A1A+180890]
	GetHandleVerifier [0x00007FF6298BE11F+211359]
	GetHandleVerifier [0x00007FF6298A5294+109332]
	GetHandleVerifier [0x00007FF6298A5442+109762]
	GetHandleVerifier [0x00007FF62988BA59+4825]
	BaseThreadInitThunk [0x00007FFBF81F7374+20]
	RtlUserThreadStart [0x00007FFBF945CC91+33]

09.4618.1033GT: Message: 
Stacktrace:
	GetHandleVerifier [0x00007FF62989CF45+75717]
	GetHandleVerifier [0x00007FF62989CFA0+75808]
	(No symbol) [0x00007FF629668F9A]
	(No symbol) [0x00007FF6296BF4C6]
	(No symbol) [0x00007FF6296BF77C]
	(No symbol) [0x00007FF629712577]
	(No symbol) [0x00007FF6296E73BF]
	(No symbol) [0x00007FF62970F39C]
	(No symbol) [0x00007FF6296E7153]
	(No symbol) [0x00007FF6296B0421]
	(No symbol) [0x00007FF6296B11B3]
	GetHandleVerifier [0x00007FF629B9D71D+3223453]
	GetHandleVerifier [0x00007FF629B97CC2+3200322]
	GetHandleVerifier [0x00007FF629BB5AF3+3322739]
	GetHandleVerifier [0x00007FF6298B6A1A+180890]
	GetHandleVerifier [0x00007FF6298BE11F+211359]
	GetHandleVerifier [0x00007FF6298A5294+109332]
	GetHandleVerifier [0x00007FF6298A5442+109762]
	GetHandleVerifier [0x00007FF62988BA59+4825]
	BaseThreadInitThunk [0x00007FFBF81F7374+20]
	RtlUserThreadStart [0x00007FFBF945CC91+33]

09.4618.0278GT: Message: 
Stacktrace:
	GetHandleVerifier [0x00007FF62989CF45+75717]
	GetHandleVerifier [0x00007FF62989CFA0+75808]
	(No symbol) [0x00007FF629668F9A]
	(No symbol) [0x00007FF6296BF4C6]
	(No symbol) [0x00007FF6296BF77C]
	(No symbol) [0x00007FF629712577]
	(No symbol) [0x00007FF6296E73BF]
	(No symbol) [0x00007FF62970F39C]
	(No symbol) [0x00007FF6296E7153]
	(No symbol) [0x00007FF6296B0421]
	(No symbol) [0x00007FF6296B11B3]
	GetHandleVerifier [0x00007FF629B9D71D+3223453]
	GetHandleVerifier [0x00007FF629B97CC2+3200322]
	GetHandleVerifier [0x00007FF629BB5AF3+3322739]
	GetHandleVerifier [0x00007FF6298B6A1A+180890]
	GetHandleVerifier [0x00007FF6298BE11F+211359]
	GetHandleVerifier [0x00007FF6298A5294+109332]
	GetHandleVerifier [0x00007FF6298A5442+109762]
	GetHandleVerifier [0x00007FF62988BA59+4825]
	BaseThreadInitThunk [0x00007FFBF81F7374+20]
	RtlUserThreadStart [0x00007FFBF945CC91+33]

1263909GT: Message: 
Stacktrace:
	GetHandleVerifier [0x00007FF62989CF45+75717]
	GetHandleVerifier [0x00007FF62989CFA0+75808]
	(No symbol) [0x00007FF629668F9A]
	(No symbol) [0x00007FF6296BF4C6]
	(No symbol) [0x00007FF6296BF77C]
	(No symbol) [0x00007FF629712577]
	(No symbol) [0x00007FF6296E73BF]
	(No symbol) [0x00007FF62970F39C]
	(No symbol) [0x00007FF6296E7153]
	(No symbol) [0x00007FF6296B0421]
	(No symbol) [0x00007FF6296B11B3]
	GetHandleVerifier [0x00007FF629B9D71D+3223453]
	GetHandleVerifier [0x00007FF629B97CC2+3200322]
	GetHandleVerifier [0x00007FF629BB5AF3+3322739]
	GetHandleVerifier [0x00007FF6298B6A1A+180890]
	GetHandleVerifier [0x00007FF6298BE11F+211359]
	GetHandleVerifier [0x00007FF6298A5294+109332]
	GetHandleVerifier [0x00007FF6298A5442+109762]
	GetHandleVerifier [0x00007FF62988BA59+4825]
	BaseThreadInitThunk [0x00007FFBF81F7374+20]
	RtlUserThreadStart [0x00007FFBF945CC91+33]

1307234GT: Message: 
Stacktrace:
	GetHandleVerifier [0x00007FF62989CF45+75717]
	GetHandleVerifier [0x00007FF62989CFA0+75808]
	(No symbol) [0x00007FF629668F9A]
	(No symbol) [0x00007FF6296BF4C6]
	(No symbol) [0x00007FF6296BF77C]
	(No symbol) [0x00007FF629712577]
	(No symbol) [0x00007FF6296E73BF]
	(No symbol) [0x00007FF62970F39C]
	(No symbol) [0x00007FF6296E7153]
	(No symbol) [0x00007FF6296B0421]
	(No symbol) [0x00007FF6296B11B3]
	GetHandleVerifier [0x00007FF629B9D71D+3223453]
	GetHandleVerifier [0x00007FF629B97CC2+3200322]
	GetHandleVerifier [0x00007FF629BB5AF3+3322739]
	GetHandleVerifier [0x00007FF6298B6A1A+180890]
	GetHandleVerifier [0x00007FF6298BE11F+211359]
	GetHandleVerifier [0x00007FF6298A5294+109332]
	GetHandleVerifier [0x00007FF6298A5442+109762]
	GetHandleVerifier [0x00007FF62988BA59+4825]
	BaseThreadInitThunk [0x00007FFBF81F7374+20]
	RtlUserThreadStart [0x00007FFBF945CC91+33]

1258507GT: Message: 
Stacktrace:
	GetHandleVerifier [0x00007FF62989CF45+75717]
	GetHandleVerifier [0x00007FF62989CFA0+75808]
	(No symbol) [0x00007FF629668F9A]
	(No symbol) [0x00007FF6296BF4C6]
	(No symbol) [0x00007FF6296BF77C]
	(No symbol) [0x00007FF629712577]
	(No symbol) [0x00007FF6296E73BF]
	(No symbol) [0x00007FF62970F39C]
	(No symbol) [0x00007FF6296E7153]
	(No symbol) [0x00007FF6296B0421]
	(No symbol) [0x00007FF6296B11B3]
	GetHandleVerifier [0x00007FF629B9D71D+3223453]
	GetHandleVerifier [0x00007FF629B97CC2+3200322]
	GetHandleVerifier [0x00007FF629BB5AF3+3322739]
	GetHandleVerifier [0x00007FF6298B6A1A+180890]
	GetHandleVerifier [0x00007FF6298BE11F+211359]
	GetHandleVerifier [0x00007FF6298A5294+109332]
	GetHandleVerifier [0x00007FF6298A5442+109762]
	GetHandleVerifier [0x00007FF62988BA59+4825]
	BaseThreadInitThunk [0x00007FFBF81F7374+20]
	RtlUserThreadStart [0x00007FFBF945CC91+33]

27004GT: Message: 
Stacktrace:
	GetHandleVerifier [0x00007FF62989CF45+75717]
	GetHandleVerifier [0x00007FF62989CFA0+75808]
	(No symbol) [0x00007FF629668F9A]
	(No symbol) [0x00007FF6296BF4C6]
	(No symbol) [0x00007FF6296BF77C]
	(No symbol) [0x00007FF629712577]
	(No symbol) [0x00007FF6296E73BF]
	(No symbol) [0x00007FF62970F39C]
	(No symbol) [0x00007FF6296E7153]
	(No symbol) [0x00007FF6296B0421]
	(No symbol) [0x00007FF6296B11B3]
	GetHandleVerifier [0x00007FF629B9D71D+3223453]
	GetHandleVerifier [0x00007FF629B97CC2+3200322]
	GetHandleVerifier [0x00007FF629BB5AF3+3322739]
	GetHandleVerifier [0x00007FF6298B6A1A+180890]
	GetHandleVerifier [0x00007FF6298BE11F+211359]
	GetHandleVerifier [0x00007FF6298A5294+109332]
	GetHandleVerifier [0x00007FF6298A5442+109762]
	GetHandleVerifier [0x00007FF62988BA59+4825]
	BaseThreadInitThunk [0x00007FFBF81F7374+20]
	RtlUserThreadStart [0x00007FFBF945CC91+33]

28781GT: Message: 
Stacktrace:
	GetHandleVerifier [0x00007FF62989CF45+75717]
	GetHandleVerifier [0x00007FF62989CFA0+75808]
	(No symbol) [0x00007FF629668F9A]
	(No symbol) [0x00007FF6296BF4C6]
	(No symbol) [0x00007FF6296BF77C]
	(No symbol) [0x00007FF629712577]
	(No symbol) [0x00007FF6296E73BF]
	(No symbol) [0x00007FF62970F39C]
	(No symbol) [0x00007FF6296E7153]
	(No symbol) [0x00007FF6296B0421]
	(No symbol) [0x00007FF6296B11B3]
	GetHandleVerifier [0x00007FF629B9D71D+3223453]
	GetHandleVerifier [0x00007FF629B97CC2+3200322]
	GetHandleVerifier [0x00007FF629BB5AF3+3322739]
	GetHandleVerifier [0x00007FF6298B6A1A+180890]
	GetHandleVerifier [0x00007FF6298BE11F+211359]
	GetHandleVerifier [0x00007FF6298A5294+109332]
	GetHandleVerifier [0x00007FF6298A5442+109762]
	GetHandleVerifier [0x00007FF62988BA59+4825]
	BaseThreadInitThunk [0x00007FFBF81F7374+20]
	RtlUserThreadStart [0x00007FFBF945CC91+33]

147605FRGT: Message: 
Stacktrace:
	GetHandleVerifier [0x00007FF62989CF45+75717]
	GetHandleVerifier [0x00007FF62989CFA0+75808]
	(No symbol) [0x00007FF629668F9A]
	(No symbol) [0x00007FF6296BF4C6]
	(No symbol) [0x00007FF6296BF77C]
	(No symbol) [0x00007FF629712577]
	(No symbol) [0x00007FF6296E73BF]
	(No symbol) [0x00007FF62970F39C]
	(No symbol) [0x00007FF6296E7153]
	(No symbol) [0x00007FF6296B0421]
	(No symbol) [0x00007FF6296B11B3]
	GetHandleVerifier [0x00007FF629B9D71D+3223453]
	GetHandleVerifier [0x00007FF629B97CC2+3200322]
	GetHandleVerifier [0x00007FF629BB5AF3+3322739]
	GetHandleVerifier [0x00007FF6298B6A1A+180890]
	GetHandleVerifier [0x00007FF6298BE11F+211359]
	GetHandleVerifier [0x00007FF6298A5294+109332]
	GetHandleVerifier [0x00007FF6298A5442+109762]
	GetHandleVerifier [0x00007FF62988BA59+4825]
	BaseThreadInitThunk [0x00007FFBF81F7374+20]
	RtlUserThreadStart [0x00007FFBF945CC91+33]

31071CSGT: Message: 
Stacktrace:
	GetHandleVerifier [0x00007FF62989CF45+75717]
	GetHandleVerifier [0x00007FF62989CFA0+75808]
	(No symbol) [0x00007FF629668F9A]
	(No symbol) [0x00007FF6296BF4C6]
	(No symbol) [0x00007FF6296BF77C]
	(No symbol) [0x00007FF629712577]
	(No symbol) [0x00007FF6296E73BF]
	(No symbol) [0x00007FF62970F39C]
	(No symbol) [0x00007FF6296E7153]
	(No symbol) [0x00007FF6296B0421]
	(No symbol) [0x00007FF6296B11B3]
	GetHandleVerifier [0x00007FF629B9D71D+3223453]
	GetHandleVerifier [0x00007FF629B97CC2+3200322]
	GetHandleVerifier [0x00007FF629BB5AF3+3322739]
	GetHandleVerifier [0x00007FF6298B6A1A+180890]
	GetHandleVerifier [0x00007FF6298BE11F+211359]
	GetHandleVerifier [0x00007FF6298A5294+109332]
	GetHandleVerifier [0x00007FF6298A5442+109762]
	GetHandleVerifier [0x00007FF62988BA59+4825]
	BaseThreadInitThunk [0x00007FFBF81F7374+20]
	RtlUserThreadStart [0x00007FFBF945CC91+33]

72892DUGT: Message: 
Stacktrace:
	GetHandleVerifier [0x00007FF62989CF45+75717]
	GetHandleVerifier [0x00007FF62989CFA0+75808]
	(No symbol) [0x00007FF629668F9A]
	(No symbol) [0x00007FF6296BF4C6]
	(No symbol) [0x00007FF6296BF77C]
	(No symbol) [0x00007FF629712577]
	(No symbol) [0x00007FF6296E73BF]
	(No symbol) [0x00007FF62970F39C]
	(No symbol) [0x00007FF6296E7153]
	(No symbol) [0x00007FF6296B0421]
	(No symbol) [0x00007FF6296B11B3]
	GetHandleVerifier [0x00007FF629B9D71D+3223453]
	GetHandleVerifier [0x00007FF629B97CC2+3200322]
	GetHandleVerifier [0x00007FF629BB5AF3+3322739]
	GetHandleVerifier [0x00007FF6298B6A1A+180890]
	GetHandleVerifier [0x00007FF6298BE11F+211359]
	GetHandleVerifier [0x00007FF6298A5294+109332]
	GetHandleVerifier [0x00007FF6298A5442+109762]
	GetHandleVerifier [0x00007FF62988BA59+4825]
	BaseThreadInitThunk [0x00007FFBF81F7374+20]
	RtlUserThreadStart [0x00007FFBF945CC91+33]

72849DUGT: Message: 
Stacktrace:
	GetHandleVerifier [0x00007FF62989CF45+75717]
	GetHandleVerifier [0x00007FF62989CFA0+75808]
	(No symbol) [0x00007FF629668F9A]
	(No symbol) [0x00007FF6296BF4C6]
	(No symbol) [0x00007FF6296BF77C]
	(No symbol) [0x00007FF629712577]
	(No symbol) [0x00007FF6296E73BF]
	(No symbol) [0x00007FF62970F39C]
	(No symbol) [0x00007FF6296E7153]
	(No symbol) [0x00007FF6296B0421]
	(No symbol) [0x00007FF6296B11B3]
	GetHandleVerifier [0x00007FF629B9D71D+3223453]
	GetHandleVerifier [0x00007FF629B97CC2+3200322]
	GetHandleVerifier [0x00007FF629BB5AF3+3322739]
	GetHandleVerifier [0x00007FF6298B6A1A+180890]
	GetHandleVerifier [0x00007FF6298BE11F+211359]
	GetHandleVerifier [0x00007FF6298A5294+109332]
	GetHandleVerifier [0x00007FF6298A5442+109762]
	GetHandleVerifier [0x00007FF62988BA59+4825]
	BaseThreadInitThunk [0x00007FFBF81F7374+20]
	RtlUserThreadStart [0x00007FFBF945CC91+33]

JL1705638GT: Message: 
Stacktrace:
	GetHandleVerifier [0x00007FF62989CF45+75717]
	GetHandleVerifier [0x00007FF62989CFA0+75808]
	(No symbol) [0x00007FF629668F9A]
	(No symbol) [0x00007FF6296BF4C6]
	(No symbol) [0x00007FF6296BF77C]
	(No symbol) [0x00007FF629712577]
	(No symbol) [0x00007FF6296E73BF]
	(No symbol) [0x00007FF62970F39C]
	(No symbol) [0x00007FF6296E7153]
	(No symbol) [0x00007FF6296B0421]
	(No symbol) [0x00007FF6296B11B3]
	GetHandleVerifier [0x00007FF629B9D71D+3223453]
	GetHandleVerifier [0x00007FF629B97CC2+3200322]
	GetHandleVerifier [0x00007FF629BB5AF3+3322739]
	GetHandleVerifier [0x00007FF6298B6A1A+180890]
	GetHandleVerifier [0x00007FF6298BE11F+211359]
	GetHandleVerifier [0x00007FF6298A5294+109332]
	GetHandleVerifier [0x00007FF6298A5442+109762]
	GetHandleVerifier [0x00007FF62988BA59+4825]
	BaseThreadInitThunk [0x00007FFBF81F7374+20]
	RtlUserThreadStart [0x00007FFBF945CC91+33]

JL1701645GT: Message: 
Stacktrace:
	GetHandleVerifier [0x00007FF62989CF45+75717]
	GetHandleVerifier [0x00007FF62989CFA0+75808]
	(No symbol) [0x00007FF629668F9A]
	(No symbol) [0x00007FF6296BF4C6]
	(No symbol) [0x00007FF6296BF77C]
	(No symbol) [0x00007FF629712577]
	(No symbol) [0x00007FF6296E73BF]
	(No symbol) [0x00007FF62970F39C]
	(No symbol) [0x00007FF6296E7153]
	(No symbol) [0x00007FF6296B0421]
	(No symbol) [0x00007FF6296B11B3]
	GetHandleVerifier [0x00007FF629B9D71D+3223453]
	GetHandleVerifier [0x00007FF629B97CC2+3200322]
	GetHandleVerifier [0x00007FF629BB5AF3+3322739]
	GetHandleVerifier [0x00007FF6298B6A1A+180890]
	GetHandleVerifier [0x00007FF6298BE11F+211359]
	GetHandleVerifier [0x00007FF6298A5294+109332]
	GetHandleVerifier [0x00007FF6298A5442+109762]
	GetHandleVerifier [0x00007FF62988BA59+4825]
	BaseThreadInitThunk [0x00007FFBF81F7374+20]
	RtlUserThreadStart [0x00007FFBF945CC91+33]

28373DUGT: Message: 
Stacktrace:
	GetHandleVerifier [0x00007FF62989CF45+75717]
	GetHandleVerifier [0x00007FF62989CFA0+75808]
	(No symbol) [0x00007FF629668F9A]
	(No symbol) [0x00007FF6296BF4C6]
	(No symbol) [0x00007FF6296BF77C]
	(No symbol) [0x00007FF629712577]
	(No symbol) [0x00007FF6296E73BF]
	(No symbol) [0x00007FF62970F39C]
	(No symbol) [0x00007FF6296E7153]
	(No symbol) [0x00007FF6296B0421]
	(No symbol) [0x00007FF6296B11B3]
	GetHandleVerifier [0x00007FF629B9D71D+3223453]
	GetHandleVerifier [0x00007FF629B97CC2+3200322]
	GetHandleVerifier [0x00007FF629BB5AF3+3322739]
	GetHandleVerifier [0x00007FF6298B6A1A+180890]
	GetHandleVerifier [0x00007FF6298BE11F+211359]
	GetHandleVerifier [0x00007FF6298A5294+109332]
	GetHandleVerifier [0x00007FF6298A5442+109762]
	GetHandleVerifier [0x00007FF62988BA59+4825]
	BaseThreadInitThunk [0x00007FFBF81F7374+20]
	RtlUserThreadStart [0x00007FFBF945CC91+33]

09.4618.1637GT: Message: 
Stacktrace:
	GetHandleVerifier [0x00007FF62989CF45+75717]
	GetHandleVerifier [0x00007FF62989CFA0+75808]
	(No symbol) [0x00007FF629668F9A]
	(No symbol) [0x00007FF6296BF4C6]
	(No symbol) [0x00007FF6296BF77C]
	(No symbol) [0x00007FF629712577]
	(No symbol) [0x00007FF6296E73BF]
	(No symbol) [0x00007FF62970F39C]
	(No symbol) [0x00007FF6296E7153]
	(No symbol) [0x00007FF6296B0421]
	(No symbol) [0x00007FF6296B11B3]
	GetHandleVerifier [0x00007FF629B9D71D+3223453]
	GetHandleVerifier [0x00007FF629B97CC2+3200322]
	GetHandleVerifier [0x00007FF629BB5AF3+3322739]
	GetHandleVerifier [0x00007FF6298B6A1A+180890]
	GetHandleVerifier [0x00007FF6298BE11F+211359]
	GetHandleVerifier [0x00007FF6298A5294+109332]
	GetHandleVerifier [0x00007FF6298A5442+109762]
	GetHandleVerifier [0x00007FF62988BA59+4825]
	BaseThreadInitThunk [0x00007FFBF81F7374+20]
	RtlUserThreadStart [0x00007FFBF945CC91+33]

72135DUGT: Message: 
Stacktrace:
	GetHandleVerifier [0x00007FF62989CF45+75717]
	GetHandleVerifier [0x00007FF62989CFA0+75808]
	(No symbol) [0x00007FF629668F9A]
	(No symbol) [0x00007FF6296BF4C6]
	(No symbol) [0x00007FF6296BF77C]
	(No symbol) [0x00007FF629712577]
	(No symbol) [0x00007FF6296E73BF]
	(No symbol) [0x00007FF62970F39C]
	(No symbol) [0x00007FF6296E7153]
	(No symbol) [0x00007FF6296B0421]
	(No symbol) [0x00007FF6296B11B3]
	GetHandleVerifier [0x00007FF629B9D71D+3223453]
	GetHandleVerifier [0x00007FF629B97CC2+3200322]
	GetHandleVerifier [0x00007FF629BB5AF3+3322739]
	GetHandleVerifier [0x00007FF6298B6A1A+180890]
	GetHandleVerifier [0x00007FF6298BE11F+211359]
	GetHandleVerifier [0x00007FF6298A5294+109332]
	GetHandleVerifier [0x00007FF6298A5442+109762]
	GetHandleVerifier [0x00007FF62988BA59+4825]
	BaseThreadInitThunk [0x00007FFBF81F7374+20]
	RtlUserThreadStart [0x00007FFBF945CC91+33]

09.4618.0925GT: Message: 
Stacktrace:
	GetHandleVerifier [0x00007FF62989CF45+75717]
	GetHandleVerifier [0x00007FF62989CFA0+75808]
	(No symbol) [0x00007FF629668F9A]
	(No symbol) [0x00007FF6296BF4C6]
	(No symbol) [0x00007FF6296BF77C]
	(No symbol) [0x00007FF629712577]
	(No symbol) [0x00007FF6296E73BF]
	(No symbol) [0x00007FF62970F39C]
	(No symbol) [0x00007FF6296E7153]
	(No symbol) [0x00007FF6296B0421]
	(No symbol) [0x00007FF6296B11B3]
	GetHandleVerifier [0x00007FF629B9D71D+3223453]
	GetHandleVerifier [0x00007FF629B97CC2+3200322]
	GetHandleVerifier [0x00007FF629BB5AF3+3322739]
	GetHandleVerifier [0x00007FF6298B6A1A+180890]
	GetHandleVerifier [0x00007FF6298BE11F+211359]
	GetHandleVerifier [0x00007FF6298A5294+109332]
	GetHandleVerifier [0x00007FF6298A5442+109762]
	GetHandleVerifier [0x00007FF62988BA59+4825]
	BaseThreadInitThunk [0x00007FFBF81F7374+20]
	RtlUserThreadStart [0x00007FFBF945CC91+33]

72140DUGT: Message: 
Stacktrace:
	GetHandleVerifier [0x00007FF62989CF45+75717]
	GetHandleVerifier [0x00007FF62989CFA0+75808]
	(No symbol) [0x00007FF629668F9A]
	(No symbol) [0x00007FF6296BF4C6]
	(No symbol) [0x00007FF6296BF77C]
	(No symbol) [0x00007FF629712577]
	(No symbol) [0x00007FF6296E73BF]
	(No symbol) [0x00007FF62970F39C]
	(No symbol) [0x00007FF6296E7153]
	(No symbol) [0x00007FF6296B0421]
	(No symbol) [0x00007FF6296B11B3]
	GetHandleVerifier [0x00007FF629B9D71D+3223453]
	GetHandleVerifier [0x00007FF629B97CC2+3200322]
	GetHandleVerifier [0x00007FF629BB5AF3+3322739]
	GetHandleVerifier [0x00007FF6298B6A1A+180890]
	GetHandleVerifier [0x00007FF6298BE11F+211359]
	GetHandleVerifier [0x00007FF6298A5294+109332]
	GetHandleVerifier [0x00007FF6298A5442+109762]
	GetHandleVerifier [0x00007FF62988BA59+4825]
	BaseThreadInitThunk [0x00007FFBF81F7374+20]
	RtlUserThreadStart [0x00007FFBF945CC91+33]

48733SPGT: Message: 
Stacktrace:
	GetHandleVerifier [0x00007FF62989CF45+75717]
	GetHandleVerifier [0x00007FF62989CFA0+75808]
	(No symbol) [0x00007FF629668F9A]
	(No symbol) [0x00007FF6296BF4C6]
	(No symbol) [0x00007FF6296BF77C]
	(No symbol) [0x00007FF629712577]
	(No symbol) [0x00007FF6296E73BF]
	(No symbol) [0x00007FF62970F39C]
	(No symbol) [0x00007FF6296E7153]
	(No symbol) [0x00007FF6296B0421]
	(No symbol) [0x00007FF6296B11B3]
	GetHandleVerifier [0x00007FF629B9D71D+3223453]
	GetHandleVerifier [0x00007FF629B97CC2+3200322]
	GetHandleVerifier [0x00007FF629BB5AF3+3322739]
	GetHandleVerifier [0x00007FF6298B6A1A+180890]
	GetHandleVerifier [0x00007FF6298BE11F+211359]
	GetHandleVerifier [0x00007FF6298A5294+109332]
	GetHandleVerifier [0x00007FF6298A5442+109762]
	GetHandleVerifier [0x00007FF62988BA59+4825]
	BaseThreadInitThunk [0x00007FFBF81F7374+20]
	RtlUserThreadStart [0x00007FFBF945CC91+33]

35540PBGT: Message: 
Stacktrace:
	GetHandleVerifier [0x00007FF62989CF45+75717]
	GetHandleVerifier [0x00007FF62989CFA0+75808]
	(No symbol) [0x00007FF629668F9A]
	(No symbol) [0x00007FF6296BF4C6]
	(No symbol) [0x00007FF6296BF77C]
	(No symbol) [0x00007FF629712577]
	(No symbol) [0x00007FF6296E73BF]
	(No symbol) [0x00007FF62970F39C]
	(No symbol) [0x00007FF6296E7153]
	(No symbol) [0x00007FF6296B0421]
	(No symbol) [0x00007FF6296B11B3]
	GetHandleVerifier [0x00007FF629B9D71D+3223453]
	GetHandleVerifier [0x00007FF629B97CC2+3200322]
	GetHandleVerifier [0x00007FF629BB5AF3+3322739]
	GetHandleVerifier [0x00007FF6298B6A1A+180890]
	GetHandleVerifier [0x00007FF6298BE11F+211359]
	GetHandleVerifier [0x00007FF6298A5294+109332]
	GetHandleVerifier [0x00007FF6298A5442+109762]
	GetHandleVerifier [0x00007FF62988BA59+4825]
	BaseThreadInitThunk [0x00007FFBF81F7374+20]
	RtlUserThreadStart [0x00007FFBF945CC91+33]

1290670GT: Message: 
Stacktrace:
	GetHandleVerifier [0x00007FF62989CF45+75717]
	GetHandleVerifier [0x00007FF62989CFA0+75808]
	(No symbol) [0x00007FF629668F9A]
	(No symbol) [0x00007FF6296BF4C6]
	(No symbol) [0x00007FF6296BF77C]
	(No symbol) [0x00007FF629712577]
	(No symbol) [0x00007FF6296E73BF]
	(No symbol) [0x00007FF62970F39C]
	(No symbol) [0x00007FF6296E7153]
	(No symbol) [0x00007FF6296B0421]
	(No symbol) [0x00007FF6296B11B3]
	GetHandleVerifier [0x00007FF629B9D71D+3223453]
	GetHandleVerifier [0x00007FF629B97CC2+3200322]
	GetHandleVerifier [0x00007FF629BB5AF3+3322739]
	GetHandleVerifier [0x00007FF6298B6A1A+180890]
	GetHandleVerifier [0x00007FF6298BE11F+211359]
	GetHandleVerifier [0x00007FF6298A5294+109332]
	GetHandleVerifier [0x00007FF6298A5442+109762]
	GetHandleVerifier [0x00007FF62988BA59+4825]
	BaseThreadInitThunk [0x00007FFBF81F7374+20]
	RtlUserThreadStart [0x00007FFBF945CC91+33]

14376GT: Message: 
Stacktrace:
	GetHandleVerifier [0x00007FF62989CF45+75717]
	GetHandleVerifier [0x00007FF62989CFA0+75808]
	(No symbol) [0x00007FF629668F9A]
	(No symbol) [0x00007FF6296BF4C6]
	(No symbol) [0x00007FF6296BF77C]
	(No symbol) [0x00007FF629712577]
	(No symbol) [0x00007FF6296E73BF]
	(No symbol) [0x00007FF62970F39C]
	(No symbol) [0x00007FF6296E7153]
	(No symbol) [0x00007FF6296B0421]
	(No symbol) [0x00007FF6296B11B3]
	GetHandleVerifier [0x00007FF629B9D71D+3223453]
	GetHandleVerifier [0x00007FF629B97CC2+3200322]
	GetHandleVerifier [0x00007FF629BB5AF3+3322739]
	GetHandleVerifier [0x00007FF6298B6A1A+180890]
	GetHandleVerifier [0x00007FF6298BE11F+211359]
	GetHandleVerifier [0x00007FF6298A5294+109332]
	GetHandleVerifier [0x00007FF6298A5442+109762]
	GetHandleVerifier [0x00007FF62988BA59+4825]
	BaseThreadInitThunk [0x00007FFBF81F7374+20]
	RtlUserThreadStart [0x00007FFBF945CC91+33]

09.4618.1767GT: Message: 
Stacktrace:
	GetHandleVerifier [0x00007FF62989CF45+75717]
	GetHandleVerifier [0x00007FF62989CFA0+75808]
	(No symbol) [0x00007FF629668F9A]
	(No symbol) [0x00007FF6296BF4C6]
	(No symbol) [0x00007FF6296BF77C]
	(No symbol) [0x00007FF629712577]
	(No symbol) [0x00007FF6296E73BF]
	(No symbol) [0x00007FF62970F39C]
	(No symbol) [0x00007FF6296E7153]
	(No symbol) [0x00007FF6296B0421]
	(No symbol) [0x00007FF6296B11B3]
	GetHandleVerifier [0x00007FF629B9D71D+3223453]
	GetHandleVerifier [0x00007FF629B97CC2+3200322]
	GetHandleVerifier [0x00007FF629BB5AF3+3322739]
	GetHandleVerifier [0x00007FF6298B6A1A+180890]
	GetHandleVerifier [0x00007FF6298BE11F+211359]
	GetHandleVerifier [0x00007FF6298A5294+109332]
	GetHandleVerifier [0x00007FF6298A5442+109762]
	GetHandleVerifier [0x00007FF62988BA59+4825]
	BaseThreadInitThunk [0x00007FFBF81F7374+20]
	RtlUserThreadStart [0x00007FFBF945CC91+33]

77523FRGT: Message: 
Stacktrace:
	GetHandleVerifier [0x00007FF62989CF45+75717]
	GetHandleVerifier [0x00007FF62989CFA0+75808]
	(No symbol) [0x00007FF629668F9A]
	(No symbol) [0x00007FF6296BF4C6]
	(No symbol) [0x00007FF6296BF77C]
	(No symbol) [0x00007FF629712577]
	(No symbol) [0x00007FF6296E73BF]
	(No symbol) [0x00007FF62970F39C]
	(No symbol) [0x00007FF6296E7153]
	(No symbol) [0x00007FF6296B0421]
	(No symbol) [0x00007FF6296B11B3]
	GetHandleVerifier [0x00007FF629B9D71D+3223453]
	GetHandleVerifier [0x00007FF629B97CC2+3200322]
	GetHandleVerifier [0x00007FF629BB5AF3+3322739]
	GetHandleVerifier [0x00007FF6298B6A1A+180890]
	GetHandleVerifier [0x00007FF6298BE11F+211359]
	GetHandleVerifier [0x00007FF6298A5294+109332]
	GetHandleVerifier [0x00007FF6298A5442+109762]
	GetHandleVerifier [0x00007FF62988BA59+4825]
	BaseThreadInitThunk [0x00007FFBF81F7374+20]
	RtlUserThreadStart [0x00007FFBF945CC91+33]

28371GT: Message: 
Stacktrace:
	GetHandleVerifier [0x00007FF62989CF45+75717]
	GetHandleVerifier [0x00007FF62989CFA0+75808]
	(No symbol) [0x00007FF629668F9A]
	(No symbol) [0x00007FF6296BF4C6]
	(No symbol) [0x00007FF6296BF77C]
	(No symbol) [0x00007FF629712577]
	(No symbol) [0x00007FF6296E73BF]
	(No symbol) [0x00007FF62970F39C]
	(No symbol) [0x00007FF6296E7153]
	(No symbol) [0x00007FF6296B0421]
	(No symbol) [0x00007FF6296B11B3]
	GetHandleVerifier [0x00007FF629B9D71D+3223453]
	GetHandleVerifier [0x00007FF629B97CC2+3200322]
	GetHandleVerifier [0x00007FF629BB5AF3+3322739]
	GetHandleVerifier [0x00007FF6298B6A1A+180890]
	GetHandleVerifier [0x00007FF6298BE11F+211359]
	GetHandleVerifier [0x00007FF6298A5294+109332]
	GetHandleVerifier [0x00007FF6298A5442+109762]
	GetHandleVerifier [0x00007FF62988BA59+4825]
	BaseThreadInitThunk [0x00007FFBF81F7374+20]
	RtlUserThreadStart [0x00007FFBF945CC91+33]

09.4618.1375GT: Message: 
Stacktrace:
	GetHandleVerifier [0x00007FF62989CF45+75717]
	GetHandleVerifier [0x00007FF62989CFA0+75808]
	(No symbol) [0x00007FF629668F9A]
	(No symbol) [0x00007FF6296BF4C6]
	(No symbol) [0x00007FF6296BF77C]
	(No symbol) [0x00007FF629712577]
	(No symbol) [0x00007FF6296E73BF]
	(No symbol) [0x00007FF62970F39C]
	(No symbol) [0x00007FF6296E7153]
	(No symbol) [0x00007FF6296B0421]
	(No symbol) [0x00007FF6296B11B3]
	GetHandleVerifier [0x00007FF629B9D71D+3223453]
	GetHandleVerifier [0x00007FF629B97CC2+3200322]
	GetHandleVerifier [0x00007FF629BB5AF3+3322739]
	GetHandleVerifier [0x00007FF6298B6A1A+180890]
	GetHandleVerifier [0x00007FF6298BE11F+211359]
	GetHandleVerifier [0x00007FF6298A5294+109332]
	GetHandleVerifier [0x00007FF6298A5442+109762]
	GetHandleVerifier [0x00007FF62988BA59+4825]
	BaseThreadInitThunk [0x00007FFBF81F7374+20]
	RtlUserThreadStart [0x00007FFBF945CC91+33]

09.4618.1818GT: Message: 
Stacktrace:
	GetHandleVerifier [0x00007FF62989CF45+75717]
	GetHandleVerifier [0x00007FF62989CFA0+75808]
	(No symbol) [0x00007FF629668F9A]
	(No symbol) [0x00007FF6296BF4C6]
	(No symbol) [0x00007FF6296BF77C]
	(No symbol) [0x00007FF629712577]
	(No symbol) [0x00007FF6296E73BF]
	(No symbol) [0x00007FF62970F39C]
	(No symbol) [0x00007FF6296E7153]
	(No symbol) [0x00007FF6296B0421]
	(No symbol) [0x00007FF6296B11B3]
	GetHandleVerifier [0x00007FF629B9D71D+3223453]
	GetHandleVerifier [0x00007FF629B97CC2+3200322]
	GetHandleVerifier [0x00007FF629BB5AF3+3322739]
	GetHandleVerifier [0x00007FF6298B6A1A+180890]
	GetHandleVerifier [0x00007FF6298BE11F+211359]
	GetHandleVerifier [0x00007FF6298A5294+109332]
	GetHandleVerifier [0x00007FF6298A5442+109762]
	GetHandleVerifier [0x00007FF62988BA59+4825]
	BaseThreadInitThunk [0x00007FFBF81F7374+20]
	RtlUserThreadStart [0x00007FFBF945CC91+33]

09.4618.1287GT: Message: 
Stacktrace:
	GetHandleVerifier [0x00007FF62989CF45+75717]
	GetHandleVerifier [0x00007FF62989CFA0+75808]
	(No symbol) [0x00007FF629668F9A]
	(No symbol) [0x00007FF6296BF4C6]
	(No symbol) [0x00007FF6296BF77C]
	(No symbol) [0x00007FF629712577]
	(No symbol) [0x00007FF6296E73BF]
	(No symbol) [0x00007FF62970F39C]
	(No symbol) [0x00007FF6296E7153]
	(No symbol) [0x00007FF6296B0421]
	(No symbol) [0x00007FF6296B11B3]
	GetHandleVerifier [0x00007FF629B9D71D+3223453]
	GetHandleVerifier [0x00007FF629B97CC2+3200322]
	GetHandleVerifier [0x00007FF629BB5AF3+3322739]
	GetHandleVerifier [0x00007FF6298B6A1A+180890]
	GetHandleVerifier [0x00007FF6298BE11F+211359]
	GetHandleVerifier [0x00007FF6298A5294+109332]
	GetHandleVerifier [0x00007FF6298A5442+109762]
	GetHandleVerifier [0x00007FF62988BA59+4825]
	BaseThreadInitThunk [0x00007FFBF81F7374+20]
	RtlUserThreadStart [0x00007FFBF945CC91+33]

31454GT: Message: 
Stacktrace:
	GetHandleVerifier [0x00007FF62989CF45+75717]
	GetHandleVerifier [0x00007FF62989CFA0+75808]
	(No symbol) [0x00007FF629668F9A]
	(No symbol) [0x00007FF6296BF4C6]
	(No symbol) [0x00007FF6296BF77C]
	(No symbol) [0x00007FF629712577]
	(No symbol) [0x00007FF6296E73BF]
	(No symbol) [0x00007FF62970F39C]
	(No symbol) [0x00007FF6296E7153]
	(No symbol) [0x00007FF6296B0421]
	(No symbol) [0x00007FF6296B11B3]
	GetHandleVerifier [0x00007FF629B9D71D+3223453]
	GetHandleVerifier [0x00007FF629B97CC2+3200322]
	GetHandleVerifier [0x00007FF629BB5AF3+3322739]
	GetHandleVerifier [0x00007FF6298B6A1A+180890]
	GetHandleVerifier [0x00007FF6298BE11F+211359]
	GetHandleVerifier [0x00007FF6298A5294+109332]
	GetHandleVerifier [0x00007FF6298A5442+109762]
	GetHandleVerifier [0x00007FF62988BA59+4825]
	BaseThreadInitThunk [0x00007FFBF81F7374+20]
	RtlUserThreadStart [0x00007FFBF945CC91+33]

09.4618.1608GT: Message: 
Stacktrace:
	GetHandleVerifier [0x00007FF62989CF45+75717]
	GetHandleVerifier [0x00007FF62989CFA0+75808]
	(No symbol) [0x00007FF629668F9A]
	(No symbol) [0x00007FF6296BF4C6]
	(No symbol) [0x00007FF6296BF77C]
	(No symbol) [0x00007FF629712577]
	(No symbol) [0x00007FF6296E73BF]
	(No symbol) [0x00007FF62970F39C]
	(No symbol) [0x00007FF6296E7153]
	(No symbol) [0x00007FF6296B0421]
	(No symbol) [0x00007FF6296B11B3]
	GetHandleVerifier [0x00007FF629B9D71D+3223453]
	GetHandleVerifier [0x00007FF629B97CC2+3200322]
	GetHandleVerifier [0x00007FF629BB5AF3+3322739]
	GetHandleVerifier [0x00007FF6298B6A1A+180890]
	GetHandleVerifier [0x00007FF6298BE11F+211359]
	GetHandleVerifier [0x00007FF6298A5294+109332]
	GetHandleVerifier [0x00007FF6298A5442+109762]
	GetHandleVerifier [0x00007FF62988BA59+4825]
	BaseThreadInitThunk [0x00007FFBF81F7374+20]
	RtlUserThreadStart [0x00007FFBF945CC91+33]

37133PBGT: Message: 
Stacktrace:
	GetHandleVerifier [0x00007FF62989CF45+75717]
	GetHandleVerifier [0x00007FF62989CFA0+75808]
	(No symbol) [0x00007FF629668F9A]
	(No symbol) [0x00007FF6296BF4C6]
	(No symbol) [0x00007FF6296BF77C]
	(No symbol) [0x00007FF629712577]
	(No symbol) [0x00007FF6296E73BF]
	(No symbol) [0x00007FF62970F39C]
	(No symbol) [0x00007FF6296E7153]
	(No symbol) [0x00007FF6296B0421]
	(No symbol) [0x00007FF6296B11B3]
	GetHandleVerifier [0x00007FF629B9D71D+3223453]
	GetHandleVerifier [0x00007FF629B97CC2+3200322]
	GetHandleVerifier [0x00007FF629BB5AF3+3322739]
	GetHandleVerifier [0x00007FF6298B6A1A+180890]
	GetHandleVerifier [0x00007FF6298BE11F+211359]
	GetHandleVerifier [0x00007FF6298A5294+109332]
	GetHandleVerifier [0x00007FF6298A5442+109762]
	GetHandleVerifier [0x00007FF62988BA59+4825]
	BaseThreadInitThunk [0x00007FFBF81F7374+20]
	RtlUserThreadStart [0x00007FFBF945CC91+33]

09.4618.1775GT: Message: 
Stacktrace:
	GetHandleVerifier [0x00007FF62989CF45+75717]
	GetHandleVerifier [0x00007FF62989CFA0+75808]
	(No symbol) [0x00007FF629668F9A]
	(No symbol) [0x00007FF6296BF4C6]
	(No symbol) [0x00007FF6296BF77C]
	(No symbol) [0x00007FF629712577]
	(No symbol) [0x00007FF6296E73BF]
	(No symbol) [0x00007FF62970F39C]
	(No symbol) [0x00007FF6296E7153]
	(No symbol) [0x00007FF6296B0421]
	(No symbol) [0x00007FF6296B11B3]
	GetHandleVerifier [0x00007FF629B9D71D+3223453]
	GetHandleVerifier [0x00007FF629B97CC2+3200322]
	GetHandleVerifier [0x00007FF629BB5AF3+3322739]
	GetHandleVerifier [0x00007FF6298B6A1A+180890]
	GetHandleVerifier [0x00007FF6298BE11F+211359]
	GetHandleVerifier [0x00007FF6298A5294+109332]
	GetHandleVerifier [0x00007FF6298A5442+109762]
	GetHandleVerifier [0x00007FF62988BA59+4825]
	BaseThreadInitThunk [0x00007FFBF81F7374+20]
	RtlUserThreadStart [0x00007FFBF945CC91+33]

31066SPGT: Message: 
Stacktrace:
	GetHandleVerifier [0x00007FF62989CF45+75717]
	GetHandleVerifier [0x00007FF62989CFA0+75808]
	(No symbol) [0x00007FF629668F9A]
	(No symbol) [0x00007FF6296BF4C6]
	(No symbol) [0x00007FF6296BF77C]
	(No symbol) [0x00007FF629712577]
	(No symbol) [0x00007FF6296E73BF]
	(No symbol) [0x00007FF62970F39C]
	(No symbol) [0x00007FF6296E7153]
	(No symbol) [0x00007FF6296B0421]
	(No symbol) [0x00007FF6296B11B3]
	GetHandleVerifier [0x00007FF629B9D71D+3223453]
	GetHandleVerifier [0x00007FF629B97CC2+3200322]
	GetHandleVerifier [0x00007FF629BB5AF3+3322739]
	GetHandleVerifier [0x00007FF6298B6A1A+180890]
	GetHandleVerifier [0x00007FF6298BE11F+211359]
	GetHandleVerifier [0x00007FF6298A5294+109332]
	GetHandleVerifier [0x00007FF6298A5442+109762]
	GetHandleVerifier [0x00007FF62988BA59+4825]
	BaseThreadInitThunk [0x00007FFBF81F7374+20]
	RtlUserThreadStart [0x00007FFBF945CC91+33]

09.4618.2047GT: Message: 
Stacktrace:
	GetHandleVerifier [0x00007FF62989CF45+75717]
	GetHandleVerifier [0x00007FF62989CFA0+75808]
	(No symbol) [0x00007FF629668F9A]
	(No symbol) [0x00007FF6296BF4C6]
	(No symbol) [0x00007FF6296BF77C]
	(No symbol) [0x00007FF629712577]
	(No symbol) [0x00007FF6296E73BF]
	(No symbol) [0x00007FF62970F39C]
	(No symbol) [0x00007FF6296E7153]
	(No symbol) [0x00007FF6296B0421]
	(No symbol) [0x00007FF6296B11B3]
	GetHandleVerifier [0x00007FF629B9D71D+3223453]
	GetHandleVerifier [0x00007FF629B97CC2+3200322]
	GetHandleVerifier [0x00007FF629BB5AF3+3322739]
	GetHandleVerifier [0x00007FF6298B6A1A+180890]
	GetHandleVerifier [0x00007FF6298BE11F+211359]
	GetHandleVerifier [0x00007FF6298A5294+109332]
	GetHandleVerifier [0x00007FF6298A5442+109762]
	GetHandleVerifier [0x00007FF62988BA59+4825]
	BaseThreadInitThunk [0x00007FFBF81F7374+20]
	RtlUserThreadStart [0x00007FFBF945CC91+33]

09.4618.1368GT: Message: 
Stacktrace:
	GetHandleVerifier [0x00007FF62989CF45+75717]
	GetHandleVerifier [0x00007FF62989CFA0+75808]
	(No symbol) [0x00007FF629668F9A]
	(No symbol) [0x00007FF6296BF4C6]
	(No symbol) [0x00007FF6296BF77C]
	(No symbol) [0x00007FF629712577]
	(No symbol) [0x00007FF6296E73BF]
	(No symbol) [0x00007FF62970F39C]
	(No symbol) [0x00007FF6296E7153]
	(No symbol) [0x00007FF6296B0421]
	(No symbol) [0x00007FF6296B11B3]
	GetHandleVerifier [0x00007FF629B9D71D+3223453]
	GetHandleVerifier [0x00007FF629B97CC2+3200322]
	GetHandleVerifier [0x00007FF629BB5AF3+3322739]
	GetHandleVerifier [0x00007FF6298B6A1A+180890]
	GetHandleVerifier [0x00007FF6298BE11F+211359]
	GetHandleVerifier [0x00007FF6298A5294+109332]
	GetHandleVerifier [0x00007FF6298A5442+109762]
	GetHandleVerifier [0x00007FF62988BA59+4825]
	BaseThreadInitThunk [0x00007FFBF81F7374+20]
	RtlUserThreadStart [0x00007FFBF945CC91+33]

72174DUGT: Message: 
Stacktrace:
	GetHandleVerifier [0x00007FF62989CF45+75717]
	GetHandleVerifier [0x00007FF62989CFA0+75808]
	(No symbol) [0x00007FF629668F9A]
	(No symbol) [0x00007FF6296BF4C6]
	(No symbol) [0x00007FF6296BF77C]
	(No symbol) [0x00007FF629712577]
	(No symbol) [0x00007FF6296E73BF]
	(No symbol) [0x00007FF62970F39C]
	(No symbol) [0x00007FF6296E7153]
	(No symbol) [0x00007FF6296B0421]
	(No symbol) [0x00007FF6296B11B3]
	GetHandleVerifier [0x00007FF629B9D71D+3223453]
	GetHandleVerifier [0x00007FF629B97CC2+3200322]
	GetHandleVerifier [0x00007FF629BB5AF3+3322739]
	GetHandleVerifier [0x00007FF6298B6A1A+180890]
	GetHandleVerifier [0x00007FF6298BE11F+211359]
	GetHandleVerifier [0x00007FF6298A5294+109332]
	GetHandleVerifier [0x00007FF6298A5442+109762]
	GetHandleVerifier [0x00007FF62988BA59+4825]
	BaseThreadInitThunk [0x00007FFBF81F7374+20]
	RtlUserThreadStart [0x00007FFBF945CC91+33]

1302933GT: Message: 
Stacktrace:
	GetHandleVerifier [0x00007FF62989CF45+75717]
	GetHandleVerifier [0x00007FF62989CFA0+75808]
	(No symbol) [0x00007FF629668F9A]
	(No symbol) [0x00007FF6296BF4C6]
	(No symbol) [0x00007FF6296BF77C]
	(No symbol) [0x00007FF629712577]
	(No symbol) [0x00007FF6296E73BF]
	(No symbol) [0x00007FF62970F39C]
	(No symbol) [0x00007FF6296E7153]
	(No symbol) [0x00007FF6296B0421]
	(No symbol) [0x00007FF6296B11B3]
	GetHandleVerifier [0x00007FF629B9D71D+3223453]
	GetHandleVerifier [0x00007FF629B97CC2+3200322]
	GetHandleVerifier [0x00007FF629BB5AF3+3322739]
	GetHandleVerifier [0x00007FF6298B6A1A+180890]
	GetHandleVerifier [0x00007FF6298BE11F+211359]
	GetHandleVerifier [0x00007FF6298A5294+109332]
	GetHandleVerifier [0x00007FF6298A5442+109762]
	GetHandleVerifier [0x00007FF62988BA59+4825]
	BaseThreadInitThunk [0x00007FFBF81F7374+20]
	RtlUserThreadStart [0x00007FFBF945CC91+33]

40469GRGT: Message: 
Stacktrace:
	GetHandleVerifier [0x00007FF62989CF45+75717]
	GetHandleVerifier [0x00007FF62989CFA0+75808]
	(No symbol) [0x00007FF629668F9A]
	(No symbol) [0x00007FF6296BF4C6]
	(No symbol) [0x00007FF6296BF77C]
	(No symbol) [0x00007FF629712577]
	(No symbol) [0x00007FF6296E73BF]
	(No symbol) [0x00007FF62970F39C]
	(No symbol) [0x00007FF6296E7153]
	(No symbol) [0x00007FF6296B0421]
	(No symbol) [0x00007FF6296B11B3]
	GetHandleVerifier [0x00007FF629B9D71D+3223453]
	GetHandleVerifier [0x00007FF629B97CC2+3200322]
	GetHandleVerifier [0x00007FF629BB5AF3+3322739]
	GetHandleVerifier [0x00007FF6298B6A1A+180890]
	GetHandleVerifier [0x00007FF6298BE11F+211359]
	GetHandleVerifier [0x00007FF6298A5294+109332]
	GetHandleVerifier [0x00007FF6298A5442+109762]
	GetHandleVerifier [0x00007FF62988BA59+4825]
	BaseThreadInitThunk [0x00007FFBF81F7374+20]
	RtlUserThreadStart [0x00007FFBF945CC91+33]

40516GRGT: Message: 
Stacktrace:
	GetHandleVerifier [0x00007FF62989CF45+75717]
	GetHandleVerifier [0x00007FF62989CFA0+75808]
	(No symbol) [0x00007FF629668F9A]
	(No symbol) [0x00007FF6296BF4C6]
	(No symbol) [0x00007FF6296BF77C]
	(No symbol) [0x00007FF629712577]
	(No symbol) [0x00007FF6296E73BF]
	(No symbol) [0x00007FF62970F39C]
	(No symbol) [0x00007FF6296E7153]
	(No symbol) [0x00007FF6296B0421]
	(No symbol) [0x00007FF6296B11B3]
	GetHandleVerifier [0x00007FF629B9D71D+3223453]
	GetHandleVerifier [0x00007FF629B97CC2+3200322]
	GetHandleVerifier [0x00007FF629BB5AF3+3322739]
	GetHandleVerifier [0x00007FF6298B6A1A+180890]
	GetHandleVerifier [0x00007FF6298BE11F+211359]
	GetHandleVerifier [0x00007FF6298A5294+109332]
	GetHandleVerifier [0x00007FF6298A5442+109762]
	GetHandleVerifier [0x00007FF62988BA59+4825]
	BaseThreadInitThunk [0x00007FFBF81F7374+20]
	RtlUserThreadStart [0x00007FFBF945CC91+33]

114189GT: Message: 
Stacktrace:
	GetHandleVerifier [0x00007FF62989CF45+75717]
	GetHandleVerifier [0x00007FF62989CFA0+75808]
	(No symbol) [0x00007FF629668F9A]
	(No symbol) [0x00007FF6296BF4C6]
	(No symbol) [0x00007FF6296BF77C]
	(No symbol) [0x00007FF629712577]
	(No symbol) [0x00007FF6296E73BF]
	(No symbol) [0x00007FF62970F39C]
	(No symbol) [0x00007FF6296E7153]
	(No symbol) [0x00007FF6296B0421]
	(No symbol) [0x00007FF6296B11B3]
	GetHandleVerifier [0x00007FF629B9D71D+3223453]
	GetHandleVerifier [0x00007FF629B97CC2+3200322]
	GetHandleVerifier [0x00007FF629BB5AF3+3322739]
	GetHandleVerifier [0x00007FF6298B6A1A+180890]
	GetHandleVerifier [0x00007FF6298BE11F+211359]
	GetHandleVerifier [0x00007FF6298A5294+109332]
	GetHandleVerifier [0x00007FF6298A5442+109762]
	GetHandleVerifier [0x00007FF62988BA59+4825]
	BaseThreadInitThunk [0x00007FFBF81F7374+20]
	RtlUserThreadStart [0x00007FFBF945CC91+33]

1294851GT: Message: 
Stacktrace:
	GetHandleVerifier [0x00007FF62989CF45+75717]
	GetHandleVerifier [0x00007FF62989CFA0+75808]
	(No symbol) [0x00007FF629668F9A]
	(No symbol) [0x00007FF6296BF4C6]
	(No symbol) [0x00007FF6296BF77C]
	(No symbol) [0x00007FF629712577]
	(No symbol) [0x00007FF6296E73BF]
	(No symbol) [0x00007FF62970F39C]
	(No symbol) [0x00007FF6296E7153]
	(No symbol) [0x00007FF6296B0421]
	(No symbol) [0x00007FF6296B11B3]
	GetHandleVerifier [0x00007FF629B9D71D+3223453]
	GetHandleVerifier [0x00007FF629B97CC2+3200322]
	GetHandleVerifier [0x00007FF629BB5AF3+3322739]
	GetHandleVerifier [0x00007FF6298B6A1A+180890]
	GetHandleVerifier [0x00007FF6298BE11F+211359]
	GetHandleVerifier [0x00007FF6298A5294+109332]
	GetHandleVerifier [0x00007FF6298A5442+109762]
	GetHandleVerifier [0x00007FF62988BA59+4825]
	BaseThreadInitThunk [0x00007FFBF81F7374+20]
	RtlUserThreadStart [0x00007FFBF945CC91+33]

1294855GT: Message: 
Stacktrace:
	GetHandleVerifier [0x00007FF62989CF45+75717]
	GetHandleVerifier [0x00007FF62989CFA0+75808]
	(No symbol) [0x00007FF629668F9A]
	(No symbol) [0x00007FF6296BF4C6]
	(No symbol) [0x00007FF6296BF77C]
	(No symbol) [0x00007FF629712577]
	(No symbol) [0x00007FF6296E73BF]
	(No symbol) [0x00007FF62970F39C]
	(No symbol) [0x00007FF6296E7153]
	(No symbol) [0x00007FF6296B0421]
	(No symbol) [0x00007FF6296B11B3]
	GetHandleVerifier [0x00007FF629B9D71D+3223453]
	GetHandleVerifier [0x00007FF629B97CC2+3200322]
	GetHandleVerifier [0x00007FF629BB5AF3+3322739]
	GetHandleVerifier [0x00007FF6298B6A1A+180890]
	GetHandleVerifier [0x00007FF6298BE11F+211359]
	GetHandleVerifier [0x00007FF6298A5294+109332]
	GetHandleVerifier [0x00007FF6298A5442+109762]
	GetHandleVerifier [0x00007FF62988BA59+4825]
	BaseThreadInitThunk [0x00007FFBF81F7374+20]
	RtlUserThreadStart [0x00007FFBF945CC91+33]

